2025-12-06T00:24:13.106+09:00  INFO 71111 --- [myauth] [restartedMain] com.example.myauth.MyauthApplication     : Starting MyauthApplication using Java 21.0.2 with PID 71111 (/Users/eunbumkim/Documents/practice/java/myauth/build/classes/java/main started by eunbumkim in /Users/eunbumkim/Documents/practice/java/myauth)
2025-12-06T00:24:13.110+09:00 DEBUG 71111 --- [myauth] [restartedMain] com.example.myauth.MyauthApplication     : Running with Spring Boot v4.0.0, Spring v7.0.1
2025-12-06T00:24:13.110+09:00  INFO 71111 --- [myauth] [restartedMain] com.example.myauth.MyauthApplication     : No active profile set, falling back to 1 default profile: "default"
2025-12-06T00:24:13.147+09:00  INFO 71111 --- [myauth] [restartedMain] .e.DevToolsPropertyDefaultsPostProcessor : Devtools property defaults active! Set 'spring.devtools.add-properties' to 'false' to disable
2025-12-06T00:24:13.148+09:00  INFO 71111 --- [myauth] [restartedMain] .e.DevToolsPropertyDefaultsPostProcessor : For additional web related logging consider setting the 'logging.level.web' property to 'DEBUG'
2025-12-06T00:24:13.556+09:00  INFO 71111 --- [myauth] [restartedMain] .s.d.r.c.RepositoryConfigurationDelegate : Bootstrapping Spring Data JPA repositories in DEFAULT mode.
2025-12-06T00:24:13.592+09:00  INFO 71111 --- [myauth] [restartedMain] .s.d.r.c.RepositoryConfigurationDelegate : Finished Spring Data repository scanning in 30 ms. Found 2 JPA repository interfaces.
2025-12-06T00:24:13.905+09:00  INFO 71111 --- [myauth] [restartedMain] o.s.boot.tomcat.TomcatWebServer          : Tomcat initialized with port 9080 (http)
2025-12-06T00:24:13.914+09:00  INFO 71111 --- [myauth] [restartedMain] o.apache.catalina.core.StandardService   : Starting service [Tomcat]
2025-12-06T00:24:13.915+09:00  INFO 71111 --- [myauth] [restartedMain] o.apache.catalina.core.StandardEngine    : Starting Servlet engine: [Apache Tomcat/11.0.14]
2025-12-06T00:24:13.934+09:00  INFO 71111 --- [myauth] [restartedMain] b.w.c.s.WebApplicationContextInitializer : Root WebApplicationContext: initialization completed in 786 ms
2025-12-06T00:24:14.017+09:00  INFO 71111 --- [myauth] [restartedMain] o.hibernate.jpa.internal.util.LogHelper  : HHH000204: Processing PersistenceUnitInfo [name: default]
2025-12-06T00:24:14.049+09:00  INFO 71111 --- [myauth] [restartedMain] org.hibernate.Version                    : HHH000412: Hibernate ORM core version 7.1.8.Final
2025-12-06T00:24:14.293+09:00  INFO 71111 --- [myauth] [restartedMain] o.s.o.j.p.SpringPersistenceUnitInfo      : No LoadTimeWeaver setup: ignoring JPA class transformer
2025-12-06T00:24:14.312+09:00  INFO 71111 --- [myauth] [restartedMain] com.zaxxer.hikari.HikariDataSource       : HikariPool-1 - Starting...
2025-12-06T00:24:14.430+09:00  INFO 71111 --- [myauth] [restartedMain] com.zaxxer.hikari.pool.HikariPool        : HikariPool-1 - Added connection com.mysql.cj.jdbc.ConnectionImpl@7ee780e8
2025-12-06T00:24:14.431+09:00  INFO 71111 --- [myauth] [restartedMain] com.zaxxer.hikari.HikariDataSource       : HikariPool-1 - Start completed.
2025-12-06T00:24:14.469+09:00  WARN 71111 --- [myauth] [restartedMain] org.hibernate.orm.deprecation            : HHH90000025: MySQLDialect does not need to be specified explicitly using 'hibernate.dialect' (remove the property setting and it will be selected by default)
2025-12-06T00:24:14.479+09:00  INFO 71111 --- [myauth] [restartedMain] org.hibernate.orm.connections.pooling    : HHH10001005: Database info:
	Database JDBC URL [jdbc:mysql://localhost:3306/mannal?useSSL=false&serverTimezone=Asia/Seoul&connectionTimeZone=Asia/Seoul&forceConnectionTimeZoneToSession=true&allowPublicKeyRetrieval=true]
	Database driver: MySQL Connector/J
	Database dialect: MySQLDialect
	Database version: 8.0.33
	Default catalog/schema: mannal/undefined
	Autocommit mode: undefined/unknown
	Isolation level: REPEATABLE_READ [default REPEATABLE_READ]
	JDBC fetch size: none
	Pool: DatasourceConnectionProviderImpl
	Minimum pool size: undefined/unknown
	Maximum pool size: undefined/unknown
2025-12-06T00:24:15.073+09:00  INFO 71111 --- [myauth] [restartedMain] o.h.e.t.j.p.i.JtaPlatformInitiator       : HHH000489: No JTA platform available (set 'hibernate.transaction.jta.platform' to enable JTA platform integration)
2025-12-06T00:24:15.077+09:00  INFO 71111 --- [myauth] [restartedMain] j.LocalContainerEntityManagerFactoryBean : Initialized JPA EntityManagerFactory for persistence unit 'default'
2025-12-06T00:24:15.113+09:00  INFO 71111 --- [myauth] [restartedMain] o.s.d.j.r.query.QueryEnhancerFactories   : Hibernate is in classpath; If applicable, HQL parser will be used.
2025-12-06T00:24:15.264+09:00 DEBUG 71111 --- [myauth] [restartedMain] c.e.m.security.JwtAuthenticationFilter   : Filter 'jwtAuthenticationFilter' configured for use
2025-12-06T00:24:15.711+09:00  INFO 71111 --- [myauth] [restartedMain] r$InitializeUserDetailsManagerConfigurer : Global AuthenticationManager configured with UserDetailsService bean with name customUserDetailsService
2025-12-06T00:24:15.837+09:00  WARN 71111 --- [myauth] [restartedMain] JpaBaseConfiguration$JpaWebConfiguration : spring.jpa.open-in-view is enabled by default. Therefore, database queries may be performed during view rendering. Explicitly configure spring.jpa.open-in-view to disable this warning
2025-12-06T00:24:15.917+09:00 DEBUG 71111 --- [myauth] [restartedMain] o.s.s.web.DefaultSecurityFilterChain     : Will secure any request with filters: DisableEncodeUrlFilter, WebAsyncManagerIntegrationFilter, SecurityContextHolderFilter, HeaderWriterFilter, LogoutFilter, JwtAuthenticationFilter, RequestCacheAwareFilter, SecurityContextHolderAwareRequestFilter, AnonymousAuthenticationFilter, SessionManagementFilter, ExceptionTranslationFilter, AuthorizationFilter
2025-12-06T00:24:16.112+09:00  INFO 71111 --- [myauth] [restartedMain] o.s.boot.tomcat.TomcatWebServer          : Tomcat started on port 9080 (http) with context path '/'
2025-12-06T00:24:16.115+09:00  INFO 71111 --- [myauth] [restartedMain] com.example.myauth.MyauthApplication     : Started MyauthApplication in 3.308 seconds (process running for 3.629)
2025-12-06T00:24:47.690+09:00  INFO 71111 --- [myauth] [http-nio-9080-exec-1] o.a.c.c.C.[Tomcat].[localhost].[/]       : Initializing Spring DispatcherServlet 'dispatcherServlet'
2025-12-06T00:24:47.691+09:00  INFO 71111 --- [myauth] [http-nio-9080-exec-1] o.s.web.servlet.DispatcherServlet        : Initializing Servlet 'dispatcherServlet'
2025-12-06T00:24:47.694+09:00  INFO 71111 --- [myauth] [http-nio-9080-exec-1] o.s.web.servlet.DispatcherServlet        : Completed initialization in 3 ms
2025-12-06T00:24:47.702+09:00 DEBUG 71111 --- [myauth] [http-nio-9080-exec-1] o.s.security.web.FilterChainProxy        : Securing GET /health
2025-12-06T00:24:47.708+09:00 DEBUG 71111 --- [myauth] [http-nio-9080-exec-1] o.s.s.w.a.AnonymousAuthenticationFilter  : Set SecurityContextHolder to anonymous SecurityContext
2025-12-06T00:24:47.708+09:00 DEBUG 71111 --- [myauth] [http-nio-9080-exec-1] o.s.s.w.session.SessionManagementFilter  : Request requested invalid session id DBB1080C59E5EFB32F7138DC7599F702
2025-12-06T00:24:47.709+09:00 DEBUG 71111 --- [myauth] [http-nio-9080-exec-1] o.s.security.web.FilterChainProxy        : Secured GET /health
2025-12-06T00:24:48.074+09:00 DEBUG 71111 --- [myauth] [http-nio-9080-exec-3] o.s.security.web.FilterChainProxy        : Securing GET /favicon.ico
2025-12-06T00:24:48.074+09:00 DEBUG 71111 --- [myauth] [http-nio-9080-exec-3] o.s.s.w.a.AnonymousAuthenticationFilter  : Set SecurityContextHolder to anonymous SecurityContext
2025-12-06T00:24:48.074+09:00 DEBUG 71111 --- [myauth] [http-nio-9080-exec-3] o.s.s.w.session.SessionManagementFilter  : Request requested invalid session id DBB1080C59E5EFB32F7138DC7599F702
2025-12-06T02:03:58.236+09:00 DEBUG 71111 --- [myauth] [http-nio-9080-exec-5] o.s.security.web.FilterChainProxy        : Securing GET /auth/kakao/login
2025-12-06T02:03:58.243+09:00 DEBUG 71111 --- [myauth] [http-nio-9080-exec-5] o.s.s.w.a.AnonymousAuthenticationFilter  : Set SecurityContextHolder to anonymous SecurityContext
2025-12-06T02:03:58.243+09:00 DEBUG 71111 --- [myauth] [http-nio-9080-exec-5] o.s.s.w.session.SessionManagementFilter  : Request requested invalid session id DBB1080C59E5EFB32F7138DC7599F702
2025-12-06T02:03:58.243+09:00 DEBUG 71111 --- [myauth] [http-nio-9080-exec-5] o.s.security.web.FilterChainProxy        : Secured GET /auth/kakao/login
2025-12-06T02:03:58.263+09:00  INFO 71111 --- [myauth] [http-nio-9080-exec-5] c.e.m.controller.KakaoAuthController     : 카카오 로그인 요청
2025-12-06T02:03:58.278+09:00  INFO 71111 --- [myauth] [http-nio-9080-exec-5] c.e.myauth.service.KakaoOAuthService     : 카카오 인가 URL 생성: https://kauth.kakao.com/oauth/authorize?client_id=f0bfa98dfa477735feeb8dbfdfa1d105&redirect_uri=http://localhost:9080/auth/kakao/callback&response_type=code
2025-12-06T02:03:58.279+09:00  INFO 71111 --- [myauth] [http-nio-9080-exec-5] c.e.m.controller.KakaoAuthController     : 카카오 인가 페이지로 리다이렉트: https://kauth.kakao.com/oauth/authorize?client_id=f0bfa98dfa477735feeb8dbfdfa1d105&redirect_uri=http://localhost:9080/auth/kakao/callback&response_type=code
2025-12-06T02:03:58.456+09:00 DEBUG 71111 --- [myauth] [http-nio-9080-exec-6] o.s.security.web.FilterChainProxy        : Securing GET /auth/kakao/callback?code=sNFifB8gVa51_SSgk0ycLinPa7dTp8fY2_2zn7ttK7AL0OzBhlMJQQAAAAQKDQ0hAAABmu94befSDh85zpcCzQ
2025-12-06T02:03:58.457+09:00 DEBUG 71111 --- [myauth] [http-nio-9080-exec-6] o.s.s.w.a.AnonymousAuthenticationFilter  : Set SecurityContextHolder to anonymous SecurityContext
2025-12-06T02:03:58.457+09:00 DEBUG 71111 --- [myauth] [http-nio-9080-exec-6] o.s.s.w.session.SessionManagementFilter  : Request requested invalid session id DBB1080C59E5EFB32F7138DC7599F702
2025-12-06T02:03:58.457+09:00 DEBUG 71111 --- [myauth] [http-nio-9080-exec-6] o.s.security.web.FilterChainProxy        : Secured GET /auth/kakao/callback?code=sNFifB8gVa51_SSgk0ycLinPa7dTp8fY2_2zn7ttK7AL0OzBhlMJQQAAAAQKDQ0hAAABmu94befSDh85zpcCzQ
2025-12-06T02:03:58.478+09:00  INFO 71111 --- [myauth] [http-nio-9080-exec-6] c.e.m.controller.KakaoAuthController     : 카카오 로그인 콜백 - code: sNFifB8gVa51_SSgk0ycLinPa7dTp8fY2_2zn7ttK7AL0OzBhlMJQQAAAAQKDQ0hAAABmu94befSDh85zpcCzQ
2025-12-06T02:03:58.479+09:00  INFO 71111 --- [myauth] [http-nio-9080-exec-6] c.e.myauth.service.KakaoOAuthService     : 카카오 Access Token 요청 시작 - code: sNFifB8gVa51_SSgk0ycLinPa7dTp8fY2_2zn7ttK7AL0OzBhlMJQQAAAAQKDQ0hAAABmu94befSDh85zpcCzQ
2025-12-06T02:03:58.936+09:00  INFO 71111 --- [myauth] [http-nio-9080-exec-6] c.e.myauth.service.KakaoOAuthService     : 카카오 Access Token 발급 성공
2025-12-06T02:03:58.936+09:00  INFO 71111 --- [myauth] [http-nio-9080-exec-6] c.e.m.controller.KakaoAuthController     : 카카오 Access Token 발급 완료
2025-12-06T02:03:58.936+09:00  INFO 71111 --- [myauth] [http-nio-9080-exec-6] c.e.myauth.service.KakaoOAuthService     : 카카오 사용자 정보 조회 시작
2025-12-06T02:03:59.122+09:00  INFO 71111 --- [myauth] [http-nio-9080-exec-6] c.e.myauth.service.KakaoOAuthService     : 카카오 사용자 정보 조회 성공 - 카카오 ID: 4614955682, 닉네임: 김은범
2025-12-06T02:03:59.123+09:00  INFO 71111 --- [myauth] [http-nio-9080-exec-6] c.e.m.controller.KakaoAuthController     : 카카오 사용자 정보 조회 완료 - 카카오 ID: 4614955682
2025-12-06T02:03:59.135+09:00  INFO 71111 --- [myauth] [http-nio-9080-exec-6] c.e.myauth.service.KakaoOAuthService     : 카카오 로그인 처리 시작 - 카카오 ID: 4614955682, 이메일: icesnake72@gmail.com, 닉네임: 김은범
2025-12-06T02:03:59.261+09:00  INFO 71111 --- [myauth] [http-nio-9080-exec-6] c.e.myauth.service.KakaoOAuthService     : 기존 카카오 회원 로그인: icesnake72@gmail.com
2025-12-06T02:03:59.268+09:00 DEBUG 71111 --- [myauth] [http-nio-9080-exec-6] c.e.myauth.security.JwtTokenProvider     : generateAccessToken() : userEmail=icesnake72@gmail.com, userId=57
2025-12-06T02:03:59.268+09:00 DEBUG 71111 --- [myauth] [http-nio-9080-exec-6] c.e.myauth.security.JwtTokenProvider     : generateAccessToken::now : Sat Dec 06 02:03:59 KST 2025
2025-12-06T02:03:59.268+09:00 DEBUG 71111 --- [myauth] [http-nio-9080-exec-6] c.e.myauth.security.JwtTokenProvider     : generateAccessToken::expiryDate : Sat Dec 06 03:03:59 KST 2025
2025-12-06T02:03:59.326+09:00 DEBUG 71111 --- [myauth] [http-nio-9080-exec-6] c.e.myauth.security.JwtTokenProvider     : generateRefreshToken() : userEmail=icesnake72@gmail.com
2025-12-06T02:03:59.326+09:00 DEBUG 71111 --- [myauth] [http-nio-9080-exec-6] c.e.myauth.security.JwtTokenProvider     : generateRefreshToken::now : Sat Dec 06 02:03:59 KST 2025
2025-12-06T02:03:59.326+09:00 DEBUG 71111 --- [myauth] [http-nio-9080-exec-6] c.e.myauth.security.JwtTokenProvider     : generateRefreshToken::expiryDate : Sat Dec 13 02:03:59 KST 2025
2025-12-06T02:03:59.326+09:00  INFO 71111 --- [myauth] [http-nio-9080-exec-6] c.e.myauth.service.KakaoOAuthService     : JWT 토큰 생성 완료 - User ID: 57
2025-12-06T02:03:59.382+09:00  INFO 71111 --- [myauth] [http-nio-9080-exec-6] c.e.myauth.service.KakaoOAuthService     : Refresh Token DB 저장 완료
2025-12-06T02:03:59.395+09:00  INFO 71111 --- [myauth] [http-nio-9080-exec-6] c.e.m.controller.KakaoAuthController     : 카카오 로그인 성공 - User ID: 57
2025-12-06T02:03:59.685+09:00 DEBUG 71111 --- [myauth] [http-nio-9080-exec-7] o.s.security.web.FilterChainProxy        : Securing GET /favicon.ico
2025-12-06T02:03:59.686+09:00 DEBUG 71111 --- [myauth] [http-nio-9080-exec-7] o.s.s.w.a.AnonymousAuthenticationFilter  : Set SecurityContextHolder to anonymous SecurityContext
2025-12-06T02:03:59.686+09:00 DEBUG 71111 --- [myauth] [http-nio-9080-exec-7] o.s.s.w.session.SessionManagementFilter  : Request requested invalid session id DBB1080C59E5EFB32F7138DC7599F702
2025-12-06T02:04:18.549+09:00 DEBUG 71111 --- [myauth] [http-nio-9080-exec-8] o.s.security.web.FilterChainProxy        : Securing GET /auth/kakao/login
2025-12-06T02:04:18.550+09:00 DEBUG 71111 --- [myauth] [http-nio-9080-exec-8] o.s.s.w.a.AnonymousAuthenticationFilter  : Set SecurityContextHolder to anonymous SecurityContext
2025-12-06T02:04:18.551+09:00 DEBUG 71111 --- [myauth] [http-nio-9080-exec-8] o.s.security.web.FilterChainProxy        : Secured GET /auth/kakao/login
2025-12-06T02:04:18.552+09:00  INFO 71111 --- [myauth] [http-nio-9080-exec-8] c.e.m.controller.KakaoAuthController     : 카카오 로그인 요청
2025-12-06T02:04:18.552+09:00  INFO 71111 --- [myauth] [http-nio-9080-exec-8] c.e.myauth.service.KakaoOAuthService     : 카카오 인가 URL 생성: https://kauth.kakao.com/oauth/authorize?client_id=f0bfa98dfa477735feeb8dbfdfa1d105&redirect_uri=http://localhost:9080/auth/kakao/callback&response_type=code
2025-12-06T02:04:18.552+09:00  INFO 71111 --- [myauth] [http-nio-9080-exec-8] c.e.m.controller.KakaoAuthController     : 카카오 인가 페이지로 리다이렉트: https://kauth.kakao.com/oauth/authorize?client_id=f0bfa98dfa477735feeb8dbfdfa1d105&redirect_uri=http://localhost:9080/auth/kakao/callback&response_type=code
2025-12-06T02:04:55.783+09:00 DEBUG 71111 --- [myauth] [http-nio-9080-exec-9] o.s.security.web.FilterChainProxy        : Securing GET /auth/kakao/callback?code=0W9ZNxcfTcZHH-XDJfO7NMDK45BUaz2ysCADOQ3e3ECGVZoWRBXZBgAAAAQKDR-XAAABmu95TdrSDh85zpcCzQ
2025-12-06T02:04:55.783+09:00 DEBUG 71111 --- [myauth] [http-nio-9080-exec-9] o.s.s.w.a.AnonymousAuthenticationFilter  : Set SecurityContextHolder to anonymous SecurityContext
2025-12-06T02:04:55.784+09:00 DEBUG 71111 --- [myauth] [http-nio-9080-exec-9] o.s.security.web.FilterChainProxy        : Secured GET /auth/kakao/callback?code=0W9ZNxcfTcZHH-XDJfO7NMDK45BUaz2ysCADOQ3e3ECGVZoWRBXZBgAAAAQKDR-XAAABmu95TdrSDh85zpcCzQ
2025-12-06T02:04:55.786+09:00  INFO 71111 --- [myauth] [http-nio-9080-exec-9] c.e.m.controller.KakaoAuthController     : 카카오 로그인 콜백 - code: 0W9ZNxcfTcZHH-XDJfO7NMDK45BUaz2ysCADOQ3e3ECGVZoWRBXZBgAAAAQKDR-XAAABmu95TdrSDh85zpcCzQ
2025-12-06T02:04:55.787+09:00  INFO 71111 --- [myauth] [http-nio-9080-exec-9] c.e.myauth.service.KakaoOAuthService     : 카카오 Access Token 요청 시작 - code: 0W9ZNxcfTcZHH-XDJfO7NMDK45BUaz2ysCADOQ3e3ECGVZoWRBXZBgAAAAQKDR-XAAABmu95TdrSDh85zpcCzQ
2025-12-06T02:04:55.954+09:00  INFO 71111 --- [myauth] [http-nio-9080-exec-9] c.e.myauth.service.KakaoOAuthService     : 카카오 Access Token 발급 성공
2025-12-06T02:04:55.955+09:00  INFO 71111 --- [myauth] [http-nio-9080-exec-9] c.e.m.controller.KakaoAuthController     : 카카오 Access Token 발급 완료
2025-12-06T02:04:55.955+09:00  INFO 71111 --- [myauth] [http-nio-9080-exec-9] c.e.myauth.service.KakaoOAuthService     : 카카오 사용자 정보 조회 시작
2025-12-06T02:04:56.085+09:00  INFO 71111 --- [myauth] [http-nio-9080-exec-9] c.e.myauth.service.KakaoOAuthService     : 카카오 사용자 정보 조회 성공 - 카카오 ID: 4614955682, 닉네임: 김은범
2025-12-06T02:04:56.085+09:00  INFO 71111 --- [myauth] [http-nio-9080-exec-9] c.e.m.controller.KakaoAuthController     : 카카오 사용자 정보 조회 완료 - 카카오 ID: 4614955682
2025-12-06T02:04:56.087+09:00  INFO 71111 --- [myauth] [http-nio-9080-exec-9] c.e.myauth.service.KakaoOAuthService     : 카카오 로그인 처리 시작 - 카카오 ID: 4614955682, 이메일: icesnake72@gmail.com, 닉네임: 김은범
2025-12-06T02:04:56.094+09:00  INFO 71111 --- [myauth] [http-nio-9080-exec-9] c.e.myauth.service.KakaoOAuthService     : 기존 카카오 회원 로그인: icesnake72@gmail.com
2025-12-06T02:04:56.094+09:00 DEBUG 71111 --- [myauth] [http-nio-9080-exec-9] c.e.myauth.security.JwtTokenProvider     : generateAccessToken() : userEmail=icesnake72@gmail.com, userId=57
2025-12-06T02:04:56.094+09:00 DEBUG 71111 --- [myauth] [http-nio-9080-exec-9] c.e.myauth.security.JwtTokenProvider     : generateAccessToken::now : Sat Dec 06 02:04:56 KST 2025
2025-12-06T02:04:56.094+09:00 DEBUG 71111 --- [myauth] [http-nio-9080-exec-9] c.e.myauth.security.JwtTokenProvider     : generateAccessToken::expiryDate : Sat Dec 06 03:04:56 KST 2025
2025-12-06T02:04:56.095+09:00 DEBUG 71111 --- [myauth] [http-nio-9080-exec-9] c.e.myauth.security.JwtTokenProvider     : generateRefreshToken() : userEmail=icesnake72@gmail.com
2025-12-06T02:04:56.095+09:00 DEBUG 71111 --- [myauth] [http-nio-9080-exec-9] c.e.myauth.security.JwtTokenProvider     : generateRefreshToken::now : Sat Dec 06 02:04:56 KST 2025
2025-12-06T02:04:56.095+09:00 DEBUG 71111 --- [myauth] [http-nio-9080-exec-9] c.e.myauth.security.JwtTokenProvider     : generateRefreshToken::expiryDate : Sat Dec 13 02:04:56 KST 2025
2025-12-06T02:04:56.095+09:00  INFO 71111 --- [myauth] [http-nio-9080-exec-9] c.e.myauth.service.KakaoOAuthService     : JWT 토큰 생성 완료 - User ID: 57
2025-12-06T02:04:56.099+09:00  INFO 71111 --- [myauth] [http-nio-9080-exec-9] c.e.myauth.service.KakaoOAuthService     : Refresh Token DB 저장 완료
2025-12-06T02:04:56.104+09:00  INFO 71111 --- [myauth] [http-nio-9080-exec-9] c.e.m.controller.KakaoAuthController     : 카카오 로그인 성공 - User ID: 57
2025-12-06T02:04:56.131+09:00 DEBUG 71111 --- [myauth] [http-nio-9080-exec-10] o.s.security.web.FilterChainProxy        : Securing GET /favicon.ico
2025-12-06T02:04:56.131+09:00 DEBUG 71111 --- [myauth] [http-nio-9080-exec-10] o.s.s.w.a.AnonymousAuthenticationFilter  : Set SecurityContextHolder to anonymous SecurityContext
2025-12-06T02:44:56.458+09:00  INFO 71111 --- [myauth] [SpringApplicationShutdownHook] o.s.boot.tomcat.GracefulShutdown         : Commencing graceful shutdown. Waiting for active requests to complete
2025-12-06T02:44:56.473+09:00  INFO 71111 --- [myauth] [tomcat-shutdown] o.s.boot.tomcat.GracefulShutdown         : Graceful shutdown complete
2025-12-06T02:44:56.479+09:00  INFO 71111 --- [myauth] [SpringApplicationShutdownHook] j.LocalContainerEntityManagerFactoryBean : Closing JPA EntityManagerFactory for persistence unit 'default'
2025-12-06T02:44:56.493+09:00  INFO 71111 --- [myauth] [SpringApplicationShutdownHook] com.zaxxer.hikari.HikariDataSource       : HikariPool-1 - Shutdown initiated...
2025-12-06T02:44:56.500+09:00  INFO 71111 --- [myauth] [SpringApplicationShutdownHook] com.zaxxer.hikari.HikariDataSource       : HikariPool-1 - Shutdown completed.
2025-12-06T02:49:47.498+09:00  INFO 37327 --- [myauth] [restartedMain] com.example.myauth.MyauthApplication     : Starting MyauthApplication using Java 21.0.2 with PID 37327 (/Users/eunbumkim/Documents/practice/java/myauth/build/classes/java/main started by eunbumkim in /Users/eunbumkim/Documents/practice/java/myauth)
2025-12-06T02:49:47.500+09:00 DEBUG 37327 --- [myauth] [restartedMain] com.example.myauth.MyauthApplication     : Running with Spring Boot v4.0.0, Spring v7.0.1
2025-12-06T02:49:47.500+09:00  INFO 37327 --- [myauth] [restartedMain] com.example.myauth.MyauthApplication     : No active profile set, falling back to 1 default profile: "default"
2025-12-06T02:49:47.526+09:00  INFO 37327 --- [myauth] [restartedMain] .e.DevToolsPropertyDefaultsPostProcessor : Devtools property defaults active! Set 'spring.devtools.add-properties' to 'false' to disable
2025-12-06T02:49:47.527+09:00  INFO 37327 --- [myauth] [restartedMain] .e.DevToolsPropertyDefaultsPostProcessor : For additional web related logging consider setting the 'logging.level.web' property to 'DEBUG'
2025-12-06T02:49:47.892+09:00  INFO 37327 --- [myauth] [restartedMain] .s.d.r.c.RepositoryConfigurationDelegate : Bootstrapping Spring Data JPA repositories in DEFAULT mode.
2025-12-06T02:49:47.926+09:00  INFO 37327 --- [myauth] [restartedMain] .s.d.r.c.RepositoryConfigurationDelegate : Finished Spring Data repository scanning in 28 ms. Found 2 JPA repository interfaces.
2025-12-06T02:49:48.234+09:00  INFO 37327 --- [myauth] [restartedMain] o.s.boot.tomcat.TomcatWebServer          : Tomcat initialized with port 9080 (http)
2025-12-06T02:49:48.244+09:00  INFO 37327 --- [myauth] [restartedMain] o.apache.catalina.core.StandardService   : Starting service [Tomcat]
2025-12-06T02:49:48.244+09:00  INFO 37327 --- [myauth] [restartedMain] o.apache.catalina.core.StandardEngine    : Starting Servlet engine: [Apache Tomcat/11.0.14]
2025-12-06T02:49:48.265+09:00  INFO 37327 --- [myauth] [restartedMain] b.w.c.s.WebApplicationContextInitializer : Root WebApplicationContext: initialization completed in 738 ms
2025-12-06T02:49:48.346+09:00  INFO 37327 --- [myauth] [restartedMain] o.hibernate.jpa.internal.util.LogHelper  : HHH000204: Processing PersistenceUnitInfo [name: default]
2025-12-06T02:49:48.376+09:00  INFO 37327 --- [myauth] [restartedMain] org.hibernate.Version                    : HHH000412: Hibernate ORM core version 7.1.8.Final
2025-12-06T02:49:48.598+09:00  INFO 37327 --- [myauth] [restartedMain] o.s.o.j.p.SpringPersistenceUnitInfo      : No LoadTimeWeaver setup: ignoring JPA class transformer
2025-12-06T02:49:48.619+09:00  INFO 37327 --- [myauth] [restartedMain] com.zaxxer.hikari.HikariDataSource       : HikariPool-1 - Starting...
2025-12-06T02:49:48.746+09:00  INFO 37327 --- [myauth] [restartedMain] com.zaxxer.hikari.pool.HikariPool        : HikariPool-1 - Added connection com.mysql.cj.jdbc.ConnectionImpl@4f7e1844
2025-12-06T02:49:48.748+09:00  INFO 37327 --- [myauth] [restartedMain] com.zaxxer.hikari.HikariDataSource       : HikariPool-1 - Start completed.
2025-12-06T02:49:48.796+09:00  WARN 37327 --- [myauth] [restartedMain] org.hibernate.orm.deprecation            : HHH90000025: MySQLDialect does not need to be specified explicitly using 'hibernate.dialect' (remove the property setting and it will be selected by default)
2025-12-06T02:49:48.805+09:00  INFO 37327 --- [myauth] [restartedMain] org.hibernate.orm.connections.pooling    : HHH10001005: Database info:
	Database JDBC URL [jdbc:mysql://localhost:3306/mannal?useSSL=false&serverTimezone=Asia/Seoul&connectionTimeZone=Asia/Seoul&forceConnectionTimeZoneToSession=true&allowPublicKeyRetrieval=true]
	Database driver: MySQL Connector/J
	Database dialect: MySQLDialect
	Database version: 8.0.33
	Default catalog/schema: mannal/undefined
	Autocommit mode: undefined/unknown
	Isolation level: REPEATABLE_READ [default REPEATABLE_READ]
	JDBC fetch size: none
	Pool: DatasourceConnectionProviderImpl
	Minimum pool size: undefined/unknown
	Maximum pool size: undefined/unknown
2025-12-06T02:49:49.357+09:00  INFO 37327 --- [myauth] [restartedMain] o.h.e.t.j.p.i.JtaPlatformInitiator       : HHH000489: No JTA platform available (set 'hibernate.transaction.jta.platform' to enable JTA platform integration)
2025-12-06T02:49:49.361+09:00  INFO 37327 --- [myauth] [restartedMain] j.LocalContainerEntityManagerFactoryBean : Initialized JPA EntityManagerFactory for persistence unit 'default'
2025-12-06T02:49:49.402+09:00  INFO 37327 --- [myauth] [restartedMain] o.s.d.j.r.query.QueryEnhancerFactories   : Hibernate is in classpath; If applicable, HQL parser will be used.
2025-12-06T02:49:49.530+09:00 DEBUG 37327 --- [myauth] [restartedMain] c.e.m.security.JwtAuthenticationFilter   : Filter 'jwtAuthenticationFilter' configured for use
2025-12-06T02:49:49.988+09:00  INFO 37327 --- [myauth] [restartedMain] r$InitializeUserDetailsManagerConfigurer : Global AuthenticationManager configured with UserDetailsService bean with name customUserDetailsService
2025-12-06T02:49:50.128+09:00  WARN 37327 --- [myauth] [restartedMain] JpaBaseConfiguration$JpaWebConfiguration : spring.jpa.open-in-view is enabled by default. Therefore, database queries may be performed during view rendering. Explicitly configure spring.jpa.open-in-view to disable this warning
2025-12-06T02:49:50.208+09:00 DEBUG 37327 --- [myauth] [restartedMain] o.s.s.web.DefaultSecurityFilterChain     : Will secure any request with filters: DisableEncodeUrlFilter, WebAsyncManagerIntegrationFilter, SecurityContextHolderFilter, HeaderWriterFilter, LogoutFilter, JwtAuthenticationFilter, RequestCacheAwareFilter, SecurityContextHolderAwareRequestFilter, AnonymousAuthenticationFilter, SessionManagementFilter, ExceptionTranslationFilter, AuthorizationFilter
2025-12-06T02:49:50.378+09:00  INFO 37327 --- [myauth] [restartedMain] o.s.boot.tomcat.TomcatWebServer          : Tomcat started on port 9080 (http) with context path '/'
2025-12-06T02:49:50.382+09:00  INFO 37327 --- [myauth] [restartedMain] com.example.myauth.MyauthApplication     : Started MyauthApplication in 3.167 seconds (process running for 3.527)
2025-12-06T02:51:02.490+09:00  INFO 37327 --- [myauth] [http-nio-9080-exec-1] o.a.c.c.C.[Tomcat].[localhost].[/]       : Initializing Spring DispatcherServlet 'dispatcherServlet'
2025-12-06T02:51:02.491+09:00  INFO 37327 --- [myauth] [http-nio-9080-exec-1] o.s.web.servlet.DispatcherServlet        : Initializing Servlet 'dispatcherServlet'
2025-12-06T02:51:02.495+09:00  INFO 37327 --- [myauth] [http-nio-9080-exec-1] o.s.web.servlet.DispatcherServlet        : Completed initialization in 4 ms
2025-12-06T02:51:02.504+09:00 DEBUG 37327 --- [myauth] [http-nio-9080-exec-1] o.s.security.web.FilterChainProxy        : Securing GET /auth/kakao/login
2025-12-06T02:51:02.513+09:00 DEBUG 37327 --- [myauth] [http-nio-9080-exec-1] o.s.s.w.a.AnonymousAuthenticationFilter  : Set SecurityContextHolder to anonymous SecurityContext
2025-12-06T02:51:02.514+09:00 DEBUG 37327 --- [myauth] [http-nio-9080-exec-1] o.s.security.web.FilterChainProxy        : Secured GET /auth/kakao/login
2025-12-06T02:51:02.534+09:00  INFO 37327 --- [myauth] [http-nio-9080-exec-1] c.e.m.controller.KakaoAuthController     : 카카오 로그인 요청
2025-12-06T02:51:02.541+09:00  INFO 37327 --- [myauth] [http-nio-9080-exec-1] c.e.myauth.service.KakaoOAuthService     : 카카오 인가 URL 생성: https://kauth.kakao.com/oauth/authorize?client_id=f0bfa98dfa477735feeb8dbfdfa1d105&redirect_uri=http://localhost:9080/auth/kakao/callback&response_type=code
2025-12-06T02:51:02.542+09:00  INFO 37327 --- [myauth] [http-nio-9080-exec-1] c.e.m.controller.KakaoAuthController     : 카카오 인가 페이지로 리다이렉트: https://kauth.kakao.com/oauth/authorize?client_id=f0bfa98dfa477735feeb8dbfdfa1d105&redirect_uri=http://localhost:9080/auth/kakao/callback&response_type=code
2025-12-06T02:51:32.109+09:00 DEBUG 37327 --- [myauth] [http-nio-9080-exec-2] o.s.security.web.FilterChainProxy        : Securing GET /auth/kakao/callback?code=7IpQj8WvkKucq04BlOz5MV1k2t4JA0nXOy2_rDhBBT97lOBHBytZFgAAAAQKDR_RAAABmu-j-PqSBpCp5rpDbg
2025-12-06T02:51:32.112+09:00 DEBUG 37327 --- [myauth] [http-nio-9080-exec-2] o.s.s.w.a.AnonymousAuthenticationFilter  : Set SecurityContextHolder to anonymous SecurityContext
2025-12-06T02:51:32.113+09:00 DEBUG 37327 --- [myauth] [http-nio-9080-exec-2] o.s.security.web.FilterChainProxy        : Secured GET /auth/kakao/callback?code=7IpQj8WvkKucq04BlOz5MV1k2t4JA0nXOy2_rDhBBT97lOBHBytZFgAAAAQKDR_RAAABmu-j-PqSBpCp5rpDbg
2025-12-06T02:51:32.162+09:00  INFO 37327 --- [myauth] [http-nio-9080-exec-2] c.e.m.controller.KakaoAuthController     : 카카오 로그인 콜백 - code: 7IpQj8WvkKucq04BlOz5MV1k2t4JA0nXOy2_rDhBBT97lOBHBytZFgAAAAQKDR_RAAABmu-j-PqSBpCp5rpDbg
2025-12-06T02:51:32.162+09:00  INFO 37327 --- [myauth] [http-nio-9080-exec-2] c.e.myauth.service.KakaoOAuthService     : 카카오 Access Token 요청 시작 - code: 7IpQj8WvkKucq04BlOz5MV1k2t4JA0nXOy2_rDhBBT97lOBHBytZFgAAAAQKDR_RAAABmu-j-PqSBpCp5rpDbg
2025-12-06T02:51:32.163+09:00  INFO 37327 --- [myauth] [http-nio-9080-exec-2] c.e.myauth.service.KakaoOAuthService     : ========================================
2025-12-06T02:51:32.163+09:00  INFO 37327 --- [myauth] [http-nio-9080-exec-2] c.e.myauth.service.KakaoOAuthService     : 카카오 토큰 API 호출 URL: https://kauth.kakao.com/oauth/token
2025-12-06T02:51:32.163+09:00  INFO 37327 --- [myauth] [http-nio-9080-exec-2] c.e.myauth.service.KakaoOAuthService     : 요청 파라미터: grant_type=authorization_code, client_id=f0bfa98dfa477735feeb8dbfdfa1d105, redirect_uri=http://localhost:9080/auth/kakao/callback, code=7IpQj8WvkKucq04BlOz5MV1k2t4JA0nXOy2_rDhBBT97lOBHBytZFgAAAAQKDR_RAAABmu-j-PqSBpCp5rpDbg
2025-12-06T02:51:32.163+09:00  INFO 37327 --- [myauth] [http-nio-9080-exec-2] c.e.myauth.service.KakaoOAuthService     : ========================================
2025-12-06T02:51:32.586+09:00  INFO 37327 --- [myauth] [http-nio-9080-exec-2] c.e.myauth.service.KakaoOAuthService     : ========================================
2025-12-06T02:51:32.587+09:00  INFO 37327 --- [myauth] [http-nio-9080-exec-2] c.e.myauth.service.KakaoOAuthService     : 카카오 토큰 API 응답 JSON:
{
  "access_token" : "PJ8i-vBmKe7JCUGCNyA72l2xzf2fDUuvAAAAAQoXElUAAAGa76P6kK3XznpenZPe",
  "expires_in" : 21599,
  "refresh_token" : "pJ7YUcyxvRJ7lgEHJWfqNEWf1mAp-EcNAAAAAgoXElUAAAGa76P6iq3XznpenZPe",
  "refresh_token_expires_in" : 5183999,
  "scope" : "account_email profile_image openid profile_nickname",
  "token_type" : "bearer"
}
2025-12-06T02:51:32.587+09:00  INFO 37327 --- [myauth] [http-nio-9080-exec-2] c.e.myauth.service.KakaoOAuthService     : ========================================
2025-12-06T02:51:32.587+09:00  INFO 37327 --- [myauth] [http-nio-9080-exec-2] c.e.myauth.service.KakaoOAuthService     : 카카오 Access Token 발급 성공
2025-12-06T02:51:32.587+09:00  INFO 37327 --- [myauth] [http-nio-9080-exec-2] c.e.m.controller.KakaoAuthController     : 카카오 Access Token 발급 완료
2025-12-06T02:51:32.587+09:00  INFO 37327 --- [myauth] [http-nio-9080-exec-2] c.e.myauth.service.KakaoOAuthService     : 카카오 사용자 정보 조회 시작
2025-12-06T02:51:32.689+09:00  INFO 37327 --- [myauth] [http-nio-9080-exec-2] c.e.myauth.service.KakaoOAuthService     : 카카오 사용자 정보 조회 성공 - 카카오 ID: 4614955682, 닉네임: 김은범
2025-12-06T02:51:32.689+09:00  INFO 37327 --- [myauth] [http-nio-9080-exec-2] c.e.m.controller.KakaoAuthController     : 카카오 사용자 정보 조회 완료 - 카카오 ID: 4614955682
2025-12-06T02:51:32.704+09:00  INFO 37327 --- [myauth] [http-nio-9080-exec-2] c.e.myauth.service.KakaoOAuthService     : 카카오 로그인 처리 시작 - 카카오 ID: 4614955682, 이메일: icesnake72@gmail.com, 닉네임: 김은범
2025-12-06T02:51:32.796+09:00  INFO 37327 --- [myauth] [http-nio-9080-exec-2] c.e.myauth.service.KakaoOAuthService     : 기존 카카오 회원 로그인: icesnake72@gmail.com
2025-12-06T02:51:32.802+09:00 DEBUG 37327 --- [myauth] [http-nio-9080-exec-2] c.e.myauth.security.JwtTokenProvider     : generateAccessToken() : userEmail=icesnake72@gmail.com, userId=57
2025-12-06T02:51:32.802+09:00 DEBUG 37327 --- [myauth] [http-nio-9080-exec-2] c.e.myauth.security.JwtTokenProvider     : generateAccessToken::now : Sat Dec 06 02:51:32 KST 2025
2025-12-06T02:51:32.803+09:00 DEBUG 37327 --- [myauth] [http-nio-9080-exec-2] c.e.myauth.security.JwtTokenProvider     : generateAccessToken::expiryDate : Sat Dec 06 03:51:32 KST 2025
2025-12-06T02:51:32.851+09:00 DEBUG 37327 --- [myauth] [http-nio-9080-exec-2] c.e.myauth.security.JwtTokenProvider     : generateRefreshToken() : userEmail=icesnake72@gmail.com
2025-12-06T02:51:32.851+09:00 DEBUG 37327 --- [myauth] [http-nio-9080-exec-2] c.e.myauth.security.JwtTokenProvider     : generateRefreshToken::now : Sat Dec 06 02:51:32 KST 2025
2025-12-06T02:51:32.851+09:00 DEBUG 37327 --- [myauth] [http-nio-9080-exec-2] c.e.myauth.security.JwtTokenProvider     : generateRefreshToken::expiryDate : Sat Dec 13 02:51:32 KST 2025
2025-12-06T02:51:32.852+09:00  INFO 37327 --- [myauth] [http-nio-9080-exec-2] c.e.myauth.service.KakaoOAuthService     : JWT 토큰 생성 완료 - User ID: 57
2025-12-06T02:51:32.878+09:00  INFO 37327 --- [myauth] [http-nio-9080-exec-2] c.e.myauth.service.KakaoOAuthService     : Refresh Token DB 저장 완료
2025-12-06T02:51:32.895+09:00  INFO 37327 --- [myauth] [http-nio-9080-exec-2] c.e.m.controller.KakaoAuthController     : 카카오 로그인 성공 - User ID: 57
2025-12-06T02:51:32.938+09:00 DEBUG 37327 --- [myauth] [http-nio-9080-exec-3] o.s.security.web.FilterChainProxy        : Securing GET /favicon.ico
2025-12-06T02:51:32.939+09:00 DEBUG 37327 --- [myauth] [http-nio-9080-exec-3] o.s.s.w.a.AnonymousAuthenticationFilter  : Set SecurityContextHolder to anonymous SecurityContext
2025-12-06T03:26:37.482+09:00  INFO 37327 --- [myauth] [SpringApplicationShutdownHook] o.s.boot.tomcat.GracefulShutdown         : Commencing graceful shutdown. Waiting for active requests to complete
2025-12-06T03:26:37.492+09:00  INFO 37327 --- [myauth] [tomcat-shutdown] o.s.boot.tomcat.GracefulShutdown         : Graceful shutdown complete
2025-12-06T03:26:37.498+09:00  INFO 37327 --- [myauth] [SpringApplicationShutdownHook] j.LocalContainerEntityManagerFactoryBean : Closing JPA EntityManagerFactory for persistence unit 'default'
2025-12-06T03:26:37.503+09:00  INFO 37327 --- [myauth] [SpringApplicationShutdownHook] com.zaxxer.hikari.HikariDataSource       : HikariPool-1 - Shutdown initiated...
2025-12-06T03:26:37.505+09:00  INFO 37327 --- [myauth] [SpringApplicationShutdownHook] com.zaxxer.hikari.HikariDataSource       : HikariPool-1 - Shutdown completed.
2025-12-06T03:26:40.703+09:00  INFO 1406 --- [myauth] [restartedMain] com.example.myauth.MyauthApplication     : Starting MyauthApplication using Java 21.0.2 with PID 1406 (/Users/eunbumkim/Documents/practice/java/myauth/build/classes/java/main started by eunbumkim in /Users/eunbumkim/Documents/practice/java/myauth)
2025-12-06T03:26:40.704+09:00 DEBUG 1406 --- [myauth] [restartedMain] com.example.myauth.MyauthApplication     : Running with Spring Boot v4.0.0, Spring v7.0.1
2025-12-06T03:26:40.705+09:00  INFO 1406 --- [myauth] [restartedMain] com.example.myauth.MyauthApplication     : No active profile set, falling back to 1 default profile: "default"
2025-12-06T03:26:40.728+09:00  INFO 1406 --- [myauth] [restartedMain] .e.DevToolsPropertyDefaultsPostProcessor : Devtools property defaults active! Set 'spring.devtools.add-properties' to 'false' to disable
2025-12-06T03:26:40.729+09:00  INFO 1406 --- [myauth] [restartedMain] .e.DevToolsPropertyDefaultsPostProcessor : For additional web related logging consider setting the 'logging.level.web' property to 'DEBUG'
2025-12-06T03:26:41.090+09:00  INFO 1406 --- [myauth] [restartedMain] .s.d.r.c.RepositoryConfigurationDelegate : Bootstrapping Spring Data JPA repositories in DEFAULT mode.
2025-12-06T03:26:41.120+09:00  INFO 1406 --- [myauth] [restartedMain] .s.d.r.c.RepositoryConfigurationDelegate : Finished Spring Data repository scanning in 25 ms. Found 2 JPA repository interfaces.
2025-12-06T03:26:41.430+09:00  INFO 1406 --- [myauth] [restartedMain] o.s.boot.tomcat.TomcatWebServer          : Tomcat initialized with port 9080 (http)
2025-12-06T03:26:41.439+09:00  INFO 1406 --- [myauth] [restartedMain] o.apache.catalina.core.StandardService   : Starting service [Tomcat]
2025-12-06T03:26:41.440+09:00  INFO 1406 --- [myauth] [restartedMain] o.apache.catalina.core.StandardEngine    : Starting Servlet engine: [Apache Tomcat/11.0.14]
2025-12-06T03:26:41.478+09:00  INFO 1406 --- [myauth] [restartedMain] b.w.c.s.WebApplicationContextInitializer : Root WebApplicationContext: initialization completed in 749 ms
2025-12-06T03:26:41.567+09:00  INFO 1406 --- [myauth] [restartedMain] o.hibernate.jpa.internal.util.LogHelper  : HHH000204: Processing PersistenceUnitInfo [name: default]
2025-12-06T03:26:41.598+09:00  INFO 1406 --- [myauth] [restartedMain] org.hibernate.Version                    : HHH000412: Hibernate ORM core version 7.1.8.Final
2025-12-06T03:26:41.830+09:00  INFO 1406 --- [myauth] [restartedMain] o.s.o.j.p.SpringPersistenceUnitInfo      : No LoadTimeWeaver setup: ignoring JPA class transformer
2025-12-06T03:26:41.849+09:00  INFO 1406 --- [myauth] [restartedMain] com.zaxxer.hikari.HikariDataSource       : HikariPool-1 - Starting...
2025-12-06T03:26:41.960+09:00  INFO 1406 --- [myauth] [restartedMain] com.zaxxer.hikari.pool.HikariPool        : HikariPool-1 - Added connection com.mysql.cj.jdbc.ConnectionImpl@77b630e5
2025-12-06T03:26:41.961+09:00  INFO 1406 --- [myauth] [restartedMain] com.zaxxer.hikari.HikariDataSource       : HikariPool-1 - Start completed.
2025-12-06T03:26:42.025+09:00  WARN 1406 --- [myauth] [restartedMain] org.hibernate.orm.deprecation            : HHH90000025: MySQLDialect does not need to be specified explicitly using 'hibernate.dialect' (remove the property setting and it will be selected by default)
2025-12-06T03:26:42.035+09:00  INFO 1406 --- [myauth] [restartedMain] org.hibernate.orm.connections.pooling    : HHH10001005: Database info:
	Database JDBC URL [jdbc:mysql://localhost:3306/mannal?useSSL=false&serverTimezone=Asia/Seoul&connectionTimeZone=Asia/Seoul&forceConnectionTimeZoneToSession=true&allowPublicKeyRetrieval=true]
	Database driver: MySQL Connector/J
	Database dialect: MySQLDialect
	Database version: 8.0.33
	Default catalog/schema: mannal/undefined
	Autocommit mode: undefined/unknown
	Isolation level: REPEATABLE_READ [default REPEATABLE_READ]
	JDBC fetch size: none
	Pool: DatasourceConnectionProviderImpl
	Minimum pool size: undefined/unknown
	Maximum pool size: undefined/unknown
2025-12-06T03:26:42.620+09:00  INFO 1406 --- [myauth] [restartedMain] o.h.e.t.j.p.i.JtaPlatformInitiator       : HHH000489: No JTA platform available (set 'hibernate.transaction.jta.platform' to enable JTA platform integration)
2025-12-06T03:26:42.625+09:00  INFO 1406 --- [myauth] [restartedMain] j.LocalContainerEntityManagerFactoryBean : Initialized JPA EntityManagerFactory for persistence unit 'default'
2025-12-06T03:26:42.663+09:00  INFO 1406 --- [myauth] [restartedMain] o.s.d.j.r.query.QueryEnhancerFactories   : Hibernate is in classpath; If applicable, HQL parser will be used.
2025-12-06T03:26:42.785+09:00 DEBUG 1406 --- [myauth] [restartedMain] c.e.m.security.JwtAuthenticationFilter   : Filter 'jwtAuthenticationFilter' configured for use
2025-12-06T03:26:43.182+09:00  INFO 1406 --- [myauth] [restartedMain] r$InitializeUserDetailsManagerConfigurer : Global AuthenticationManager configured with UserDetailsService bean with name customUserDetailsService
2025-12-06T03:26:43.322+09:00  WARN 1406 --- [myauth] [restartedMain] JpaBaseConfiguration$JpaWebConfiguration : spring.jpa.open-in-view is enabled by default. Therefore, database queries may be performed during view rendering. Explicitly configure spring.jpa.open-in-view to disable this warning
2025-12-06T03:26:43.396+09:00 DEBUG 1406 --- [myauth] [restartedMain] o.s.s.web.DefaultSecurityFilterChain     : Will secure any request with filters: DisableEncodeUrlFilter, WebAsyncManagerIntegrationFilter, SecurityContextHolderFilter, HeaderWriterFilter, LogoutFilter, JwtAuthenticationFilter, RequestCacheAwareFilter, SecurityContextHolderAwareRequestFilter, AnonymousAuthenticationFilter, SessionManagementFilter, ExceptionTranslationFilter, AuthorizationFilter
2025-12-06T03:26:43.553+09:00  INFO 1406 --- [myauth] [restartedMain] o.s.boot.tomcat.TomcatWebServer          : Tomcat started on port 9080 (http) with context path '/'
2025-12-06T03:26:43.557+09:00  INFO 1406 --- [myauth] [restartedMain] com.example.myauth.MyauthApplication     : Started MyauthApplication in 3.13 seconds (process running for 3.485)
2025-12-06T03:27:06.744+09:00  INFO 1406 --- [myauth] [http-nio-9080-exec-1] o.a.c.c.C.[Tomcat].[localhost].[/]       : Initializing Spring DispatcherServlet 'dispatcherServlet'
2025-12-06T03:27:06.745+09:00  INFO 1406 --- [myauth] [http-nio-9080-exec-1] o.s.web.servlet.DispatcherServlet        : Initializing Servlet 'dispatcherServlet'
2025-12-06T03:27:06.762+09:00  INFO 1406 --- [myauth] [http-nio-9080-exec-1] o.s.web.servlet.DispatcherServlet        : Completed initialization in 17 ms
2025-12-06T03:27:06.770+09:00 DEBUG 1406 --- [myauth] [http-nio-9080-exec-1] o.s.security.web.FilterChainProxy        : Securing GET /auth/kakao/login
2025-12-06T03:27:06.776+09:00 DEBUG 1406 --- [myauth] [http-nio-9080-exec-1] o.s.s.w.a.AnonymousAuthenticationFilter  : Set SecurityContextHolder to anonymous SecurityContext
2025-12-06T03:27:06.777+09:00 DEBUG 1406 --- [myauth] [http-nio-9080-exec-1] o.s.security.web.FilterChainProxy        : Secured GET /auth/kakao/login
2025-12-06T03:27:06.794+09:00  INFO 1406 --- [myauth] [http-nio-9080-exec-1] c.e.m.controller.KakaoAuthController     : 카카오 로그인 요청
2025-12-06T03:27:06.806+09:00  INFO 1406 --- [myauth] [http-nio-9080-exec-1] c.e.myauth.service.KakaoOAuthService     : 카카오 인가 URL 생성: https://kauth.kakao.com/oauth/authorize?client_id=f0bfa98dfa477735feeb8dbfdfa1d105&redirect_uri=http://localhost:9080/auth/kakao/callback&response_type=code
2025-12-06T03:27:06.806+09:00  INFO 1406 --- [myauth] [http-nio-9080-exec-1] c.e.m.controller.KakaoAuthController     : 카카오 인가 페이지로 리다이렉트: https://kauth.kakao.com/oauth/authorize?client_id=f0bfa98dfa477735feeb8dbfdfa1d105&redirect_uri=http://localhost:9080/auth/kakao/callback&response_type=code
2025-12-06T03:27:28.091+09:00 DEBUG 1406 --- [myauth] [http-nio-9080-exec-3] o.s.security.web.FilterChainProxy        : Securing GET /auth/kakao/callback?code=8M70zKnMI2CBsQwbElsumHVLL1XmtFG0P6AmR44Aza8hLvV1EfIL1wAAAAQKFzXdAAABmu_E3r8q3eF1vjqPRg
2025-12-06T03:27:28.092+09:00 DEBUG 1406 --- [myauth] [http-nio-9080-exec-3] o.s.s.w.a.AnonymousAuthenticationFilter  : Set SecurityContextHolder to anonymous SecurityContext
2025-12-06T03:27:28.093+09:00 DEBUG 1406 --- [myauth] [http-nio-9080-exec-3] o.s.security.web.FilterChainProxy        : Secured GET /auth/kakao/callback?code=8M70zKnMI2CBsQwbElsumHVLL1XmtFG0P6AmR44Aza8hLvV1EfIL1wAAAAQKFzXdAAABmu_E3r8q3eF1vjqPRg
2025-12-06T03:27:28.109+09:00  INFO 1406 --- [myauth] [http-nio-9080-exec-3] c.e.m.controller.KakaoAuthController     : 카카오 로그인 콜백 - code: 8M70zKnMI2CBsQwbElsumHVLL1XmtFG0P6AmR44Aza8hLvV1EfIL1wAAAAQKFzXdAAABmu_E3r8q3eF1vjqPRg
2025-12-06T03:27:28.110+09:00  INFO 1406 --- [myauth] [http-nio-9080-exec-3] c.e.myauth.service.KakaoOAuthService     : 카카오 Access Token 요청 시작 - code: 8M70zKnMI2CBsQwbElsumHVLL1XmtFG0P6AmR44Aza8hLvV1EfIL1wAAAAQKFzXdAAABmu_E3r8q3eF1vjqPRg
2025-12-06T03:27:28.110+09:00  INFO 1406 --- [myauth] [http-nio-9080-exec-3] c.e.myauth.service.KakaoOAuthService     : ========================================
2025-12-06T03:27:28.110+09:00  INFO 1406 --- [myauth] [http-nio-9080-exec-3] c.e.myauth.service.KakaoOAuthService     : 카카오 토큰 API 호출 URL: https://kauth.kakao.com/oauth/token
2025-12-06T03:27:28.110+09:00  INFO 1406 --- [myauth] [http-nio-9080-exec-3] c.e.myauth.service.KakaoOAuthService     : 요청 파라미터: grant_type=authorization_code, client_id=f0bfa98dfa477735feeb8dbfdfa1d105, redirect_uri=http://localhost:9080/auth/kakao/callback, code=8M70zKnMI2CBsQwbElsumHVLL1XmtFG0P6AmR44Aza8hLvV1EfIL1wAAAAQKFzXdAAABmu_E3r8q3eF1vjqPRg
2025-12-06T03:27:28.110+09:00  INFO 1406 --- [myauth] [http-nio-9080-exec-3] c.e.myauth.service.KakaoOAuthService     : ========================================
2025-12-06T03:27:28.472+09:00  INFO 1406 --- [myauth] [http-nio-9080-exec-3] c.e.myauth.service.KakaoOAuthService     : ========================================
2025-12-06T03:27:28.473+09:00  INFO 1406 --- [myauth] [http-nio-9080-exec-3] c.e.myauth.service.KakaoOAuthService     : 카카오 토큰 API 응답 JSON:
{
  "access_token" : "N0wQKnDwQwNzUkcPw2p-n1it7oXo1sLCAAAAAQoNCB4AAAGa78TgB63XznpenZPe",
  "expires_in" : 21599,
  "refresh_token" : "SMbcwRD7msQrNzmY6aMfVBLMfxlMJpVdAAAAAgoNCB4AAAGa78TgBq3XznpenZPe",
  "refresh_token_expires_in" : 5183999,
  "scope" : "account_email profile_image openid profile_nickname",
  "token_type" : "bearer"
}
2025-12-06T03:27:28.473+09:00  INFO 1406 --- [myauth] [http-nio-9080-exec-3] c.e.myauth.service.KakaoOAuthService     : ========================================
2025-12-06T03:27:28.473+09:00  INFO 1406 --- [myauth] [http-nio-9080-exec-3] c.e.myauth.service.KakaoOAuthService     : 카카오 Access Token 발급 성공
2025-12-06T03:27:28.473+09:00  INFO 1406 --- [myauth] [http-nio-9080-exec-3] c.e.m.controller.KakaoAuthController     : 카카오 Access Token 발급 완료
2025-12-06T03:27:28.473+09:00  INFO 1406 --- [myauth] [http-nio-9080-exec-3] c.e.myauth.service.KakaoOAuthService     : 카카오 사용자 정보 조회 시작
2025-12-06T03:27:28.588+09:00  INFO 1406 --- [myauth] [http-nio-9080-exec-3] c.e.myauth.service.KakaoOAuthService     : 카카오 사용자 정보 조회 성공 - 카카오 ID: 4614955682, 닉네임: 김은범
2025-12-06T03:27:28.588+09:00  INFO 1406 --- [myauth] [http-nio-9080-exec-3] c.e.m.controller.KakaoAuthController     : 카카오 사용자 정보 조회 완료 - 카카오 ID: 4614955682
2025-12-06T03:27:28.601+09:00  INFO 1406 --- [myauth] [http-nio-9080-exec-3] c.e.myauth.service.KakaoOAuthService     : 카카오 로그인 처리 시작 - 카카오 ID: 4614955682, 이메일: icesnake72@gmail.com, 닉네임: 김은범
2025-12-06T03:27:28.683+09:00  INFO 1406 --- [myauth] [http-nio-9080-exec-3] c.e.myauth.service.KakaoOAuthService     : 기존 카카오 회원 로그인: icesnake72@gmail.com
2025-12-06T03:27:28.688+09:00 DEBUG 1406 --- [myauth] [http-nio-9080-exec-3] c.e.myauth.security.JwtTokenProvider     : generateAccessToken() : userEmail=icesnake72@gmail.com, userId=57
2025-12-06T03:27:28.688+09:00 DEBUG 1406 --- [myauth] [http-nio-9080-exec-3] c.e.myauth.security.JwtTokenProvider     : generateAccessToken::now : Sat Dec 06 03:27:28 KST 2025
2025-12-06T03:27:28.688+09:00 DEBUG 1406 --- [myauth] [http-nio-9080-exec-3] c.e.myauth.security.JwtTokenProvider     : generateAccessToken::expiryDate : Sat Dec 06 04:27:28 KST 2025
2025-12-06T03:27:28.734+09:00 DEBUG 1406 --- [myauth] [http-nio-9080-exec-3] c.e.myauth.security.JwtTokenProvider     : generateRefreshToken() : userEmail=icesnake72@gmail.com
2025-12-06T03:27:28.735+09:00 DEBUG 1406 --- [myauth] [http-nio-9080-exec-3] c.e.myauth.security.JwtTokenProvider     : generateRefreshToken::now : Sat Dec 06 03:27:28 KST 2025
2025-12-06T03:27:28.735+09:00 DEBUG 1406 --- [myauth] [http-nio-9080-exec-3] c.e.myauth.security.JwtTokenProvider     : generateRefreshToken::expiryDate : Sat Dec 13 03:27:28 KST 2025
2025-12-06T03:27:28.735+09:00  INFO 1406 --- [myauth] [http-nio-9080-exec-3] c.e.myauth.service.KakaoOAuthService     : JWT 토큰 생성 완료 - User ID: 57
2025-12-06T03:27:28.764+09:00  INFO 1406 --- [myauth] [http-nio-9080-exec-3] c.e.myauth.service.KakaoOAuthService     : Refresh Token DB 저장 완료
2025-12-06T03:27:28.777+09:00  INFO 1406 --- [myauth] [http-nio-9080-exec-3] c.e.m.controller.KakaoAuthController     : 카카오 로그인 성공 - User ID: 57
2025-12-06T03:27:28.878+09:00 DEBUG 1406 --- [myauth] [http-nio-9080-exec-4] o.s.security.web.FilterChainProxy        : Securing GET /favicon.ico
2025-12-06T03:27:28.878+09:00 DEBUG 1406 --- [myauth] [http-nio-9080-exec-4] o.s.s.w.a.AnonymousAuthenticationFilter  : Set SecurityContextHolder to anonymous SecurityContext
2025-12-06T03:38:44.436+09:00  INFO 1406 --- [myauth] [SpringApplicationShutdownHook] o.s.boot.tomcat.GracefulShutdown         : Commencing graceful shutdown. Waiting for active requests to complete
2025-12-06T03:38:44.446+09:00  INFO 1406 --- [myauth] [tomcat-shutdown] o.s.boot.tomcat.GracefulShutdown         : Graceful shutdown complete
2025-12-06T03:38:44.453+09:00  INFO 1406 --- [myauth] [SpringApplicationShutdownHook] j.LocalContainerEntityManagerFactoryBean : Closing JPA EntityManagerFactory for persistence unit 'default'
2025-12-06T03:38:44.458+09:00  INFO 1406 --- [myauth] [SpringApplicationShutdownHook] com.zaxxer.hikari.HikariDataSource       : HikariPool-1 - Shutdown initiated...
2025-12-06T03:38:44.464+09:00  INFO 1406 --- [myauth] [SpringApplicationShutdownHook] com.zaxxer.hikari.HikariDataSource       : HikariPool-1 - Shutdown completed.
2025-12-06T03:38:47.582+09:00  INFO 23694 --- [myauth] [restartedMain] com.example.myauth.MyauthApplication     : Starting MyauthApplication using Java 21.0.2 with PID 23694 (/Users/eunbumkim/Documents/practice/java/myauth/build/classes/java/main started by eunbumkim in /Users/eunbumkim/Documents/practice/java/myauth)
2025-12-06T03:38:47.583+09:00 DEBUG 23694 --- [myauth] [restartedMain] com.example.myauth.MyauthApplication     : Running with Spring Boot v4.0.0, Spring v7.0.1
2025-12-06T03:38:47.583+09:00  INFO 23694 --- [myauth] [restartedMain] com.example.myauth.MyauthApplication     : No active profile set, falling back to 1 default profile: "default"
2025-12-06T03:38:47.608+09:00  INFO 23694 --- [myauth] [restartedMain] .e.DevToolsPropertyDefaultsPostProcessor : Devtools property defaults active! Set 'spring.devtools.add-properties' to 'false' to disable
2025-12-06T03:38:47.608+09:00  INFO 23694 --- [myauth] [restartedMain] .e.DevToolsPropertyDefaultsPostProcessor : For additional web related logging consider setting the 'logging.level.web' property to 'DEBUG'
2025-12-06T03:38:47.979+09:00  INFO 23694 --- [myauth] [restartedMain] .s.d.r.c.RepositoryConfigurationDelegate : Bootstrapping Spring Data JPA repositories in DEFAULT mode.
2025-12-06T03:38:48.012+09:00  INFO 23694 --- [myauth] [restartedMain] .s.d.r.c.RepositoryConfigurationDelegate : Finished Spring Data repository scanning in 27 ms. Found 2 JPA repository interfaces.
2025-12-06T03:38:48.311+09:00  INFO 23694 --- [myauth] [restartedMain] o.s.boot.tomcat.TomcatWebServer          : Tomcat initialized with port 9080 (http)
2025-12-06T03:38:48.321+09:00  INFO 23694 --- [myauth] [restartedMain] o.apache.catalina.core.StandardService   : Starting service [Tomcat]
2025-12-06T03:38:48.321+09:00  INFO 23694 --- [myauth] [restartedMain] o.apache.catalina.core.StandardEngine    : Starting Servlet engine: [Apache Tomcat/11.0.14]
2025-12-06T03:38:48.343+09:00  INFO 23694 --- [myauth] [restartedMain] b.w.c.s.WebApplicationContextInitializer : Root WebApplicationContext: initialization completed in 735 ms
2025-12-06T03:38:48.416+09:00  INFO 23694 --- [myauth] [restartedMain] o.hibernate.jpa.internal.util.LogHelper  : HHH000204: Processing PersistenceUnitInfo [name: default]
2025-12-06T03:38:48.445+09:00  INFO 23694 --- [myauth] [restartedMain] org.hibernate.Version                    : HHH000412: Hibernate ORM core version 7.1.8.Final
2025-12-06T03:38:48.661+09:00  INFO 23694 --- [myauth] [restartedMain] o.s.o.j.p.SpringPersistenceUnitInfo      : No LoadTimeWeaver setup: ignoring JPA class transformer
2025-12-06T03:38:48.679+09:00  INFO 23694 --- [myauth] [restartedMain] com.zaxxer.hikari.HikariDataSource       : HikariPool-1 - Starting...
2025-12-06T03:38:48.788+09:00  INFO 23694 --- [myauth] [restartedMain] com.zaxxer.hikari.pool.HikariPool        : HikariPool-1 - Added connection com.mysql.cj.jdbc.ConnectionImpl@2032792d
2025-12-06T03:38:48.789+09:00  INFO 23694 --- [myauth] [restartedMain] com.zaxxer.hikari.HikariDataSource       : HikariPool-1 - Start completed.
2025-12-06T03:38:48.826+09:00  WARN 23694 --- [myauth] [restartedMain] org.hibernate.orm.deprecation            : HHH90000025: MySQLDialect does not need to be specified explicitly using 'hibernate.dialect' (remove the property setting and it will be selected by default)
2025-12-06T03:38:48.837+09:00  INFO 23694 --- [myauth] [restartedMain] org.hibernate.orm.connections.pooling    : HHH10001005: Database info:
	Database JDBC URL [jdbc:mysql://localhost:3306/mannal?useSSL=false&serverTimezone=Asia/Seoul&connectionTimeZone=Asia/Seoul&forceConnectionTimeZoneToSession=true&allowPublicKeyRetrieval=true]
	Database driver: MySQL Connector/J
	Database dialect: MySQLDialect
	Database version: 8.0.33
	Default catalog/schema: mannal/undefined
	Autocommit mode: undefined/unknown
	Isolation level: REPEATABLE_READ [default REPEATABLE_READ]
	JDBC fetch size: none
	Pool: DatasourceConnectionProviderImpl
	Minimum pool size: undefined/unknown
	Maximum pool size: undefined/unknown
2025-12-06T03:38:49.483+09:00  INFO 23694 --- [myauth] [restartedMain] o.h.e.t.j.p.i.JtaPlatformInitiator       : HHH000489: No JTA platform available (set 'hibernate.transaction.jta.platform' to enable JTA platform integration)
2025-12-06T03:38:49.487+09:00  INFO 23694 --- [myauth] [restartedMain] j.LocalContainerEntityManagerFactoryBean : Initialized JPA EntityManagerFactory for persistence unit 'default'
2025-12-06T03:38:49.525+09:00  INFO 23694 --- [myauth] [restartedMain] o.s.d.j.r.query.QueryEnhancerFactories   : Hibernate is in classpath; If applicable, HQL parser will be used.
2025-12-06T03:38:49.649+09:00 DEBUG 23694 --- [myauth] [restartedMain] c.e.m.security.JwtAuthenticationFilter   : Filter 'jwtAuthenticationFilter' configured for use
2025-12-06T03:38:50.055+09:00  INFO 23694 --- [myauth] [restartedMain] r$InitializeUserDetailsManagerConfigurer : Global AuthenticationManager configured with UserDetailsService bean with name customUserDetailsService
2025-12-06T03:38:50.216+09:00  WARN 23694 --- [myauth] [restartedMain] JpaBaseConfiguration$JpaWebConfiguration : spring.jpa.open-in-view is enabled by default. Therefore, database queries may be performed during view rendering. Explicitly configure spring.jpa.open-in-view to disable this warning
2025-12-06T03:38:50.298+09:00 DEBUG 23694 --- [myauth] [restartedMain] o.s.s.web.DefaultSecurityFilterChain     : Will secure any request with filters: DisableEncodeUrlFilter, WebAsyncManagerIntegrationFilter, SecurityContextHolderFilter, HeaderWriterFilter, LogoutFilter, JwtAuthenticationFilter, RequestCacheAwareFilter, SecurityContextHolderAwareRequestFilter, AnonymousAuthenticationFilter, SessionManagementFilter, ExceptionTranslationFilter, AuthorizationFilter
2025-12-06T03:38:50.467+09:00  INFO 23694 --- [myauth] [restartedMain] o.s.boot.tomcat.TomcatWebServer          : Tomcat started on port 9080 (http) with context path '/'
2025-12-06T03:38:50.474+09:00  INFO 23694 --- [myauth] [restartedMain] com.example.myauth.MyauthApplication     : Started MyauthApplication in 3.162 seconds (process running for 3.503)
2025-12-06T03:39:14.326+09:00  INFO 23694 --- [myauth] [http-nio-9080-exec-1] o.a.c.c.C.[Tomcat].[localhost].[/]       : Initializing Spring DispatcherServlet 'dispatcherServlet'
2025-12-06T03:39:14.327+09:00  INFO 23694 --- [myauth] [http-nio-9080-exec-1] o.s.web.servlet.DispatcherServlet        : Initializing Servlet 'dispatcherServlet'
2025-12-06T03:39:14.329+09:00  INFO 23694 --- [myauth] [http-nio-9080-exec-1] o.s.web.servlet.DispatcherServlet        : Completed initialization in 2 ms
2025-12-06T03:39:14.343+09:00 DEBUG 23694 --- [myauth] [http-nio-9080-exec-1] o.s.security.web.FilterChainProxy        : Securing GET /auth/kakao/login
2025-12-06T03:39:14.351+09:00 DEBUG 23694 --- [myauth] [http-nio-9080-exec-1] o.s.s.w.a.AnonymousAuthenticationFilter  : Set SecurityContextHolder to anonymous SecurityContext
2025-12-06T03:39:14.352+09:00 DEBUG 23694 --- [myauth] [http-nio-9080-exec-1] o.s.security.web.FilterChainProxy        : Secured GET /auth/kakao/login
2025-12-06T03:39:14.372+09:00  INFO 23694 --- [myauth] [http-nio-9080-exec-1] c.e.m.controller.KakaoAuthController     : 카카오 로그인 요청
2025-12-06T03:39:14.379+09:00  INFO 23694 --- [myauth] [http-nio-9080-exec-1] c.e.myauth.service.KakaoOAuthService     : 카카오 인가 URL 생성: https://kauth.kakao.com/oauth/authorize?client_id=f0bfa98dfa477735feeb8dbfdfa1d105&redirect_uri=http://localhost:9080/auth/kakao/callback&response_type=code
2025-12-06T03:39:14.379+09:00  INFO 23694 --- [myauth] [http-nio-9080-exec-1] c.e.m.controller.KakaoAuthController     : 카카오 인가 페이지로 리다이렉트: https://kauth.kakao.com/oauth/authorize?client_id=f0bfa98dfa477735feeb8dbfdfa1d105&redirect_uri=http://localhost:9080/auth/kakao/callback&response_type=code
2025-12-06T03:39:54.792+09:00 DEBUG 23694 --- [myauth] [http-nio-9080-exec-3] o.s.security.web.FilterChainProxy        : Securing GET /auth/kakao/callback?code=h9H8JM1Az9rASvijkaQjltMD4t3R1_lhRBJWXsD3MUgW0gxl8DXVxgAAAAQKDRXYAAABmu_QQ68q3eF1vjqPRg
2025-12-06T03:39:54.796+09:00 DEBUG 23694 --- [myauth] [http-nio-9080-exec-3] o.s.s.w.a.AnonymousAuthenticationFilter  : Set SecurityContextHolder to anonymous SecurityContext
2025-12-06T03:39:54.796+09:00 DEBUG 23694 --- [myauth] [http-nio-9080-exec-3] o.s.security.web.FilterChainProxy        : Secured GET /auth/kakao/callback?code=h9H8JM1Az9rASvijkaQjltMD4t3R1_lhRBJWXsD3MUgW0gxl8DXVxgAAAAQKDRXYAAABmu_QQ68q3eF1vjqPRg
2025-12-06T03:39:54.854+09:00  INFO 23694 --- [myauth] [http-nio-9080-exec-3] c.e.m.controller.KakaoAuthController     : 카카오 로그인 콜백 - code: h9H8JM1Az9rASvijkaQjltMD4t3R1_lhRBJWXsD3MUgW0gxl8DXVxgAAAAQKDRXYAAABmu_QQ68q3eF1vjqPRg
2025-12-06T03:39:54.855+09:00  INFO 23694 --- [myauth] [http-nio-9080-exec-3] c.e.myauth.service.KakaoOAuthService     : 카카오 Access Token 요청 시작 - code: h9H8JM1Az9rASvijkaQjltMD4t3R1_lhRBJWXsD3MUgW0gxl8DXVxgAAAAQKDRXYAAABmu_QQ68q3eF1vjqPRg
2025-12-06T03:39:54.855+09:00  INFO 23694 --- [myauth] [http-nio-9080-exec-3] c.e.myauth.service.KakaoOAuthService     : ========================================
2025-12-06T03:39:54.855+09:00  INFO 23694 --- [myauth] [http-nio-9080-exec-3] c.e.myauth.service.KakaoOAuthService     : 카카오 토큰 API 호출 URL: https://kauth.kakao.com/oauth/token
2025-12-06T03:39:54.856+09:00  INFO 23694 --- [myauth] [http-nio-9080-exec-3] c.e.myauth.service.KakaoOAuthService     : 요청 파라미터: grant_type=authorization_code, client_id=f0bfa98dfa477735feeb8dbfdfa1d105, redirect_uri=http://localhost:9080/auth/kakao/callback, code=h9H8JM1Az9rASvijkaQjltMD4t3R1_lhRBJWXsD3MUgW0gxl8DXVxgAAAAQKDRXYAAABmu_QQ68q3eF1vjqPRg
2025-12-06T03:39:54.856+09:00  INFO 23694 --- [myauth] [http-nio-9080-exec-3] c.e.myauth.service.KakaoOAuthService     : ========================================
2025-12-06T03:39:55.291+09:00  INFO 23694 --- [myauth] [http-nio-9080-exec-3] c.e.myauth.service.KakaoOAuthService     : ========================================
2025-12-06T03:39:55.291+09:00  INFO 23694 --- [myauth] [http-nio-9080-exec-3] c.e.myauth.service.KakaoOAuthService     : 카카오 토큰 API 응답 JSON:
{
  "access_token" : "Pr7xIl5GpXk11rjePnRXN6NTDtF9K6nGAAAAAQoNH5cAAAGa79BFeK3XznpenZPe",
  "expires_in" : 21599,
  "refresh_token" : "YgwcZ8JsiQWFkPDdsAdxH_SbIEnPbsLnAAAAAgoNH5cAAAGa79BFda3XznpenZPe",
  "refresh_token_expires_in" : 5183999,
  "scope" : "account_email profile_image openid profile_nickname",
  "token_type" : "bearer"
}
2025-12-06T03:39:55.291+09:00  INFO 23694 --- [myauth] [http-nio-9080-exec-3] c.e.myauth.service.KakaoOAuthService     : ========================================
2025-12-06T03:39:55.291+09:00  INFO 23694 --- [myauth] [http-nio-9080-exec-3] c.e.myauth.service.KakaoOAuthService     : 카카오 Access Token 발급 성공
2025-12-06T03:39:55.291+09:00  INFO 23694 --- [myauth] [http-nio-9080-exec-3] c.e.m.controller.KakaoAuthController     : 카카오 Access Token 발급 완료
2025-12-06T03:39:55.292+09:00  INFO 23694 --- [myauth] [http-nio-9080-exec-3] c.e.myauth.service.KakaoOAuthService     : 카카오 사용자 정보 조회 시작
2025-12-06T03:39:55.292+09:00  INFO 23694 --- [myauth] [http-nio-9080-exec-3] c.e.myauth.service.KakaoOAuthService     : ========================================
2025-12-06T03:39:55.292+09:00  INFO 23694 --- [myauth] [http-nio-9080-exec-3] c.e.myauth.service.KakaoOAuthService     : 카카오 사용자 정보 API 호출 URL: https://kapi.kakao.com/v2/user/me
2025-12-06T03:39:55.292+09:00  INFO 23694 --- [myauth] [http-nio-9080-exec-3] c.e.myauth.service.KakaoOAuthService     : ========================================
2025-12-06T03:39:55.448+09:00  INFO 23694 --- [myauth] [http-nio-9080-exec-3] c.e.myauth.service.KakaoOAuthService     : ========================================
2025-12-06T03:39:55.449+09:00  INFO 23694 --- [myauth] [http-nio-9080-exec-3] c.e.myauth.service.KakaoOAuthService     : 카카오 사용자 정보 API 응답 JSON:
{
  "connected_at" : "2025-11-30T11:27:10Z",
  "id" : 4614955682,
  "kakao_account" : {
    "age_range" : null,
    "birthday" : null,
    "email" : "icesnake72@gmail.com",
    "gender" : null,
    "has_email" : true,
    "is_email_valid" : true,
    "is_email_verified" : true,
    "profile" : {
      "is_default_image" : false,
      "nickname" : "김은범",
      "profile_image_url" : "http://k.kakaocdn.net/dn/I9xh2/btsOYQAJLeU/jQrTkOnbki8gJrszGptu8k/img_640x640.jpg",
      "thumbnail_image_url" : "http://k.kakaocdn.net/dn/I9xh2/btsOYQAJLeU/jQrTkOnbki8gJrszGptu8k/img_110x110.jpg"
    }
  },
  "properties" : {
    "nickname" : "김은범",
    "profile_image" : "http://k.kakaocdn.net/dn/I9xh2/btsOYQAJLeU/jQrTkOnbki8gJrszGptu8k/img_640x640.jpg",
    "thumbnail_image" : "http://k.kakaocdn.net/dn/I9xh2/btsOYQAJLeU/jQrTkOnbki8gJrszGptu8k/img_110x110.jpg"
  }
}
2025-12-06T03:39:55.449+09:00  INFO 23694 --- [myauth] [http-nio-9080-exec-3] c.e.myauth.service.KakaoOAuthService     : ========================================
2025-12-06T03:39:55.449+09:00  INFO 23694 --- [myauth] [http-nio-9080-exec-3] c.e.myauth.service.KakaoOAuthService     : 카카오 사용자 정보 조회 성공 - 카카오 ID: 4614955682, 닉네임: 김은범
2025-12-06T03:39:55.449+09:00  INFO 23694 --- [myauth] [http-nio-9080-exec-3] c.e.m.controller.KakaoAuthController     : 카카오 사용자 정보 조회 완료 - 카카오 ID: 4614955682
2025-12-06T03:39:55.464+09:00  INFO 23694 --- [myauth] [http-nio-9080-exec-3] c.e.myauth.service.KakaoOAuthService     : 카카오 로그인 처리 시작 - 카카오 ID: 4614955682, 이메일: icesnake72@gmail.com, 닉네임: 김은범
2025-12-06T03:39:55.561+09:00  INFO 23694 --- [myauth] [http-nio-9080-exec-3] c.e.myauth.service.KakaoOAuthService     : 기존 카카오 회원 로그인: icesnake72@gmail.com
2025-12-06T03:39:55.566+09:00 DEBUG 23694 --- [myauth] [http-nio-9080-exec-3] c.e.myauth.security.JwtTokenProvider     : generateAccessToken() : userEmail=icesnake72@gmail.com, userId=57
2025-12-06T03:39:55.566+09:00 DEBUG 23694 --- [myauth] [http-nio-9080-exec-3] c.e.myauth.security.JwtTokenProvider     : generateAccessToken::now : Sat Dec 06 03:39:55 KST 2025
2025-12-06T03:39:55.566+09:00 DEBUG 23694 --- [myauth] [http-nio-9080-exec-3] c.e.myauth.security.JwtTokenProvider     : generateAccessToken::expiryDate : Sat Dec 06 04:39:55 KST 2025
2025-12-06T03:39:55.622+09:00 DEBUG 23694 --- [myauth] [http-nio-9080-exec-3] c.e.myauth.security.JwtTokenProvider     : generateRefreshToken() : userEmail=icesnake72@gmail.com
2025-12-06T03:39:55.623+09:00 DEBUG 23694 --- [myauth] [http-nio-9080-exec-3] c.e.myauth.security.JwtTokenProvider     : generateRefreshToken::now : Sat Dec 06 03:39:55 KST 2025
2025-12-06T03:39:55.623+09:00 DEBUG 23694 --- [myauth] [http-nio-9080-exec-3] c.e.myauth.security.JwtTokenProvider     : generateRefreshToken::expiryDate : Sat Dec 13 03:39:55 KST 2025
2025-12-06T03:39:55.623+09:00  INFO 23694 --- [myauth] [http-nio-9080-exec-3] c.e.myauth.service.KakaoOAuthService     : JWT 토큰 생성 완료 - User ID: 57
2025-12-06T03:39:55.648+09:00  INFO 23694 --- [myauth] [http-nio-9080-exec-3] c.e.myauth.service.KakaoOAuthService     : Refresh Token DB 저장 완료
2025-12-06T03:39:55.656+09:00  INFO 23694 --- [myauth] [http-nio-9080-exec-3] c.e.m.controller.KakaoAuthController     : 카카오 로그인 성공 - User ID: 57
2025-12-06T03:39:55.766+09:00 DEBUG 23694 --- [myauth] [http-nio-9080-exec-4] o.s.security.web.FilterChainProxy        : Securing GET /favicon.ico
2025-12-06T03:39:55.767+09:00 DEBUG 23694 --- [myauth] [http-nio-9080-exec-4] o.s.s.w.a.AnonymousAuthenticationFilter  : Set SecurityContextHolder to anonymous SecurityContext
